#
# A fatal error has been detected by the Java Runtime Environment:
#
#  SIGSEGV (0xb) at pc=0x00007f92b81a9863, pid=6227, tid=0x00007f92b5b7b700
#
# JRE version: OpenJDK Runtime Environment (8.0_152-b01) (build 1.8.0_152-release-915-b01)
# Java VM: OpenJDK 64-Bit Server VM (25.152-b01 mixed mode linux-amd64 compressed oops)
# Problematic frame:
# V  [libjvm.so+0x8bd863]  oopDesc* PSPromotionManager::copy_to_survivor_space<false>(oopDesc*)+0x2c3
#
# Failed to write core dump. Core dumps have been disabled. To enable core dumping, try "ulimit -c unlimited" before starting Java again
#
# If you would like to submit a bug report, please visit:
#   http://bugreport.java.com/bugreport/crash.jsp
#

---------------  T H R E A D  ---------------

Current thread (0x00007f92b0021800):  GCTaskThread [stack: 0x00007f92b5a7b000,0x00007f92b5b7c000] [id=6231]

siginfo: si_signo: 11 (SIGSEGV), si_code: 1 (SEGV_MAPERR), si_addr: 0x000000076e03f1c8

Registers:
RAX=0x0000000000000001, RBX=0x00000000edc07e50, RCX=0x0000000000000003, RDX=0x00007f92b8797ca0
RSP=0x00007f92b5b7acb0, RBP=0x00007f92b5b7ad10, RSI=0x00000000edc07e50, RDI=0x000000076e03f1c0
R8 =0xedc07e3800000000, R9 =0x00007f92b0075818, R10=0x000000000000000a, R11=0x0000000000000010
R12=0x00000000a4fe2090, R13=0x0000000000000001, R14=0x00007f92b0075780, R15=0x00007f92b8797cb0
RIP=0x00007f92b81a9863, EFLAGS=0x0000000000010206, CSGSFS=0x002b000000000033, ERR=0x0000000000000004
  TRAPNO=0x000000000000000e

Top of Stack: (sp=0x00007f92b5b7acb0)
0x00007f92b5b7acb0:   00007f92b5b7ad10 00007f926000480d
0x00007f92b5b7acc0:   00007f926000480d 00000000a4ff5038
0x00007f92b5b7acd0:   00000000a4ff3738 0000000000000400
0x00007f92b5b7ace0:   00007f92b5b7ada0 00007f92b0075780
0x00007f92b5b7acf0:   00000000a4fe2090 0000000000000001
0x00007f92b5b7ad00:   00007f92b0075818 00007f92b8797cb0
0x00007f92b5b7ad10:   00007f92b5b7ad80 00007f92b81a9068
0x00007f92b5b7ad20:   00007f92b5b7ad80 00007f92b00757e8
0x00007f92b5b7ad30:   0000238600001003 00000000f3bc05a8
0x00007f92b5b7ad40:   0000238700001003 00007f92b81acdfa
0x00007f92b5b7ad50:   00007f92b0021800 0000000000000001
0x00007f92b5b7ad60:   00007f92b5b7adb0 00007f92b5b7adc0
0x00007f92b5b7ad70:   0000000000000000 00007f92b0075eb0
0x00007f92b5b7ad80:   00007f92b5b7ae00 00007f92b81ad14a
0x00007f92b5b7ad90:   00007f92b8797cb0 00000000a0001c7c
0x00007f92b5b7ada0:   00007f9271618290 00007f92b0075780
0x00007f92b5b7adb0:   00007f9274551fe3 00007f92b810185b
0x00007f92b5b7adc0:   00000000a0001c7d 00007f92b001f630
0x00007f92b5b7add0:   00007f92b5b7ae00 0000000000000001
0x00007f92b5b7ade0:   00007f9271618290 00007f92b8359ba8
0x00007f92b5b7adf0:   00007f92b0021800 00007f92b87b6708
0x00007f92b5b7ae00:   00007f92b5b7af10 00007f92b7e70112
0x00007f92b5b7ae10:   00000000000003d8 00007f92b00223c8
0x00007f92b5b7ae20:   00007f92b0021ff0 00007f92b5b7aea0
0x00007f92b5b7ae30:   00007f92b0021fa0 00007f92b0021fe0
0x00007f92b5b7ae40:   00007f92b5b7ae50 0000000000000000
0x00007f92b5b7ae50:   0000000000000000 00007f92b0022b00
0x00007f92b5b7ae60:   00007f92b0021800 00007f92b00223d0
0x00007f92b5b7ae70:   00007f92b0022410 00007f92b0022420
0x00007f92b5b7ae80:   00007f92b00224f8 00000000000000d8
0x00007f92b5b7ae90:   00007f92b0022630 00007f92b0022fa0
0x00007f92b5b7aea0:   00007f92b0021800 00007f92b00223d0 

Instructions: (pc=0x00007f92b81a9863)
0x00007f92b81a9843:   e9 3d fe ff ff 0f 1f 84 00 00 00 00 00 48 8d 15
0x00007f92b81a9853:   49 e4 5e 00 8b 7e 08 8b 4a 08 48 d3 e7 48 03 3a
0x00007f92b81a9863:   8b 4f 08 83 f9 00 0f 8f 7d fd ff ff 0f 85 3b 02
0x00007f92b81a9873:   00 00 0f 1f 00 48 8b 07 4c 89 45 b8 48 89 de ff 

Register to memory mapping:

RAX=0x0000000000000001 is an unknown value
RBX=0x00000000edc07e50 is an oop

[error occurred during error reporting (printing register info), id 0xb]

Stack: [0x00007f92b5a7b000,0x00007f92b5b7c000],  sp=0x00007f92b5b7acb0,  free space=1023k
Native frames: (J=compiled Java code, j=interpreted, Vv=VM code, C=native code)
V  [libjvm.so+0x8bd863]  oopDesc* PSPromotionManager::copy_to_survivor_space<false>(oopDesc*)+0x2c3
V  [libjvm.so+0x8bd068]  PSPromotionManager::drain_stacks_depth(bool)+0x6d8
V  [libjvm.so+0x8c114a]  StealTask::do_it(GCTaskManager*, unsigned int)+0x18a
V  [libjvm.so+0x584112]  GCTaskThread::run()+0x162
V  [libjvm.so+0x84e792]  java_start(Thread*)+0xf2


---------------  P R O C E S S  ---------------

Java Threads: ( => current thread )
  0x00007f9234001800 JavaThread "RMI RenewClean-[localhost:32885,org.jetbrains.kotlin.daemon.common.LoopbackNetworkInterface$ClientLoopbackSocketFactory@11f4c19]" daemon [_thread_blocked, id=7387, stack(0x00007f9246051000,0x00007f9246152000)]
  0x00007f9260003000 JavaThread "RMI TCP Connection(11)-127.0.0.1" daemon [_thread_in_native, id=7386, stack(0x00007f9246152000,0x00007f9246253000)]
  0x00007f9260004800 JavaThread "RMI TCP Connection(10)-127.0.0.1" daemon [_thread_blocked, id=7385, stack(0x00007f9246453000,0x00007f9246554000)]
  0x00007f9260001000 JavaThread "RMI TCP Connection(9)-127.0.0.1" daemon [_thread_in_native, id=7383, stack(0x00007f9264bfd000,0x00007f9264cfe000)]
  0x00007f9240a02000 JavaThread "RMI RenewClean-[localhost:32885,org.jetbrains.kotlin.daemon.common.LoopbackNetworkInterface$ClientLoopbackSocketFactory@21c8a1fd]" daemon [_thread_blocked, id=7103, stack(0x00007f9298067000,0x00007f9298168000)]
  0x00007f9248013800 JavaThread "RMI RenewClean-[localhost:32885,org.jetbrains.kotlin.daemon.common.LoopbackNetworkInterface$ClientLoopbackSocketFactory@35c422f7]" daemon [_thread_blocked, id=6501, stack(0x00007f9264000000,0x00007f9264101000)]
  0x00007f924000b000 JavaThread "RMI RenewClean-[localhost:32885,org.jetbrains.kotlin.daemon.common.LoopbackNetworkInterface$ClientLoopbackSocketFactory@4f0af45]" daemon [_thread_blocked, id=6257, stack(0x00007f929836a000,0x00007f929846b000)]
  0x00007f9248011000 JavaThread "RMI Scheduler(0)" daemon [_thread_blocked, id=6250, stack(0x00007f9264cfe000,0x00007f9264dff000)]
  0x00007f92b000b000 JavaThread "DestroyJavaVM" [_thread_blocked, id=6229, stack(0x00007f92b92f0000,0x00007f92b93f1000)]
  0x00007f92b03c8800 JavaThread "GC Daemon" daemon [_thread_blocked, id=6248, stack(0x00007f9298168000,0x00007f9298269000)]
  0x00007f92b03c5800 JavaThread "RMI Reaper" [_thread_blocked, id=6247, stack(0x00007f9298269000,0x00007f929836a000)]
  0x00007f92b03c2000 JavaThread "Timer-0" daemon [_thread_blocked, id=6245, stack(0x00007f929846b000,0x00007f929856c000)]
  0x00007f92b03c0000 JavaThread "RMI TCP Accept-17716" daemon [_thread_in_native, id=6244, stack(0x00007f929856c000,0x00007f929866d000)]
  0x00007f92b00c1800 JavaThread "Service Thread" daemon [_thread_blocked, id=6241, stack(0x00007f92a001a000,0x00007f92a011b000)]
  0x00007f92b00be800 JavaThread "C1 CompilerThread2" daemon [_thread_blocked, id=6240, stack(0x00007f92a011b000,0x00007f92a021c000)]
  0x00007f92b00bc800 JavaThread "C2 CompilerThread1" daemon [_thread_blocked, id=6239, stack(0x00007f92a021c000,0x00007f92a031d000)]
  0x00007f92b00ba000 JavaThread "C2 CompilerThread0" daemon [_thread_in_native, id=6238, stack(0x00007f92a031d000,0x00007f92a041e000)]
  0x00007f92b00b8800 JavaThread "Signal Dispatcher" daemon [_thread_blocked, id=6237, stack(0x00007f92a041e000,0x00007f92a051f000)]
  0x00007f92b0084800 JavaThread "Finalizer" daemon [_thread_blocked, id=6236, stack(0x00007f92a07f8000,0x00007f92a08f9000)]
  0x00007f92b0080000 JavaThread "Reference Handler" daemon [_thread_blocked, id=6235, stack(0x00007f92a08f9000,0x00007f92a09fa000)]

Other Threads:
  0x00007f92b0078800 VMThread [stack: 0x00007f92a09fa000,0x00007f92a0afb000] [id=6234]
  0x00007f92b00c4000 WatcherThread [stack: 0x00007f9298eff000,0x00007f9299000000] [id=6242]

=>0x00007f92b0021800 (exited) GCTaskThread [stack: 0x00007f92b5a7b000,0x00007f92b5b7c000] [id=6231]

VM state:at safepoint (normal execution)

VM Mutex/Monitor currently owned by a thread:  ([mutex/lock_event])
[0x00007f92b00071a0] Threads_lock - owner thread: 0x00007f92b0078800
[0x00007f92b00076a0] Heap_lock - owner thread: 0x00007f9260004800

Heap:
 PSYoungGen      total 243712K, used 238424K [0x00000000e0000000, 0x00000000f5780000, 0x0000000100000000)
  eden space 214528K, 100% used [0x00000000e0000000,0x00000000ed180000,0x00000000ed180000)
  from space 29184K, 81% used [0x00000000ed180000,0x00000000ee8d6130,0x00000000eee00000)
  to   space 31232K, 70% used [0x00000000f3900000,0x00000000f4e66ec0,0x00000000f5780000)
 ParOldGen       total 155648K, used 82145K [0x00000000a0000000, 0x00000000a9800000, 0x00000000e0000000)
  object space 155648K, 52% used [0x00000000a0000000,0x00000000a5038758,0x00000000a9800000)
 Metaspace       used 53652K, capacity 55076K, committed 55384K, reserved 1097728K
  class space    used 6118K, capacity 6416K, committed 6528K, reserved 1048576K

Card table byte_map: [0x00007f92b5e7d000,0x00007f92b617e000] byte_map_base: 0x00007f92b597d000

Marking Bits: (ParMarkBitMap*) 0x00007f92b87c13e0
 Begin Bits: [0x00007f9299000000, 0x00007f929a800000)
 End Bits:   [0x00007f929a800000, 0x00007f929c000000)

Polling page: 0x00007f92b9414000

CodeCache: size=245760Kb used=33313Kb max_used=33313Kb free=212446Kb
 bounds [0x00007f92a1000000, 0x00007f92a30c0000, 0x00007f92b0000000]
 total_blobs=10051 nmethods=9548 adapters=413
 compilation: enabled

Compilation events (10 events):
Event: 689,863 Thread 0x00007f92b00be800 11134       2       org.jetbrains.kotlin.builtins.FunctionTypesKt::isBuiltinExtensionFunctionalType (26 bytes)
Event: 689,863 Thread 0x00007f92b00be800 nmethod 11134 0x00007f92a30a2890 code [0x00007f92a30a2a40, 0x00007f92a30a2ca8]
Event: 689,869 Thread 0x00007f92b00be800 11135       2       org.jetbrains.kotlin.load.java.lazy.descriptors.LazyJavaClassMemberScope::computeNonDeclaredFunctions (349 bytes)
Event: 689,870 Thread 0x00007f92b00be800 nmethod 11135 0x00007f92a30a2e10 code [0x00007f92a30a3100, 0x00007f92a30a3cb8]
Event: 689,873 Thread 0x00007f92b00be800 11136       2       org.jetbrains.kotlin.load.java.PropertiesConventionUtilKt::propertyNameFromAccessorMethodName (176 bytes)
Event: 689,874 Thread 0x00007f92b00be800 nmethod 11136 0x00007f92a30a4ad0 code [0x00007f92a30a4d20, 0x00007f92a30a5588]
Event: 689,877 Thread 0x00007f92b00be800 11138       2       org.jetbrains.kotlin.resolve.jvm.KotlinJavaPsiFacade::knownClassNamesInPackage (42 bytes)
Event: 689,877 Thread 0x00007f92b00be800 nmethod 11138 0x00007f92a1140e90 code [0x00007f92a1141040, 0x00007f92a11413a8]
Event: 689,878 Thread 0x00007f92b00be800 11139       2       org.jetbrains.kotlin.cli.jvm.compiler.KotlinCliJavaFileManagerImpl::knownClassNamesInPackage (172 bytes)
Event: 689,881 Thread 0x00007f92b00be800 nmethod 11139 0x00007f92a12b7450 code [0x00007f92a12b77e0, 0x00007f92a12b88b8]

GC Heap History (10 events):
Event: 6,650 GC heap after
Heap after GC invocations=12 (full 2):
 PSYoungGen      total 173056K, used 18909K [0x00000000e0000000, 0x00000000ec800000, 0x0000000100000000)
  eden space 149504K, 0% used [0x00000000e0000000,0x00000000e0000000,0x00000000e9200000)
  from space 23552K, 80% used [0x00000000eaa00000,0x00000000ebc77540,0x00000000ec100000)
  to   space 24576K, 0% used [0x00000000e9200000,0x00000000e9200000,0x00000000eaa00000)
 ParOldGen       total 190976K, used 161226K [0x00000000a0000000, 0x00000000aba80000, 0x00000000e0000000)
  object space 190976K, 84% used [0x00000000a0000000,0x00000000a9d72bc8,0x00000000aba80000)
 Metaspace       used 39584K, capacity 40286K, committed 40664K, reserved 1085440K
  class space    used 4936K, capacity 5099K, committed 5120K, reserved 1048576K
}
Event: 9,004 GC heap before
{Heap before GC invocations=13 (full 2):
 PSYoungGen      total 173056K, used 168413K [0x00000000e0000000, 0x00000000ec800000, 0x0000000100000000)
  eden space 149504K, 100% used [0x00000000e0000000,0x00000000e9200000,0x00000000e9200000)
  from space 23552K, 80% used [0x00000000eaa00000,0x00000000ebc77540,0x00000000ec100000)
  to   space 24576K, 0% used [0x00000000e9200000,0x00000000e9200000,0x00000000eaa00000)
 ParOldGen       total 190976K, used 161226K [0x00000000a0000000, 0x00000000aba80000, 0x00000000e0000000)
  object space 190976K, 84% used [0x00000000a0000000,0x00000000a9d72bc8,0x00000000aba80000)
 Metaspace       used 43002K, capacity 43788K, committed 43992K, reserved 1087488K
  class space    used 5213K, capacity 5362K, committed 5376K, reserved 1048576K
Event: 9,046 GC heap after
Heap after GC invocations=13 (full 2):
 PSYoungGen      total 174080K, used 12947K [0x00000000e0000000, 0x00000000f0a80000, 0x0000000100000000)
  eden space 149504K, 0% used [0x00000000e0000000,0x00000000e0000000,0x00000000e9200000)
  from space 24576K, 52% used [0x00000000e9200000,0x00000000e9ea4e78,0x00000000eaa00000)
  to   space 23552K, 0% used [0x00000000ef380000,0x00000000ef380000,0x00000000f0a80000)
 ParOldGen       total 190976K, used 169438K [0x00000000a0000000, 0x00000000aba80000, 0x00000000e0000000)
  object space 190976K, 88% used [0x00000000a0000000,0x00000000aa577a00,0x00000000aba80000)
 Metaspace       used 43002K, capacity 43788K, committed 43992K, reserved 1087488K
  class space    used 5213K, capacity 5362K, committed 5376K, reserved 1048576K
}
Event: 9,046 GC heap before
{Heap before GC invocations=14 (full 3):
 PSYoungGen      total 174080K, used 12947K [0x00000000e0000000, 0x00000000f0a80000, 0x0000000100000000)
  eden space 149504K, 0% used [0x00000000e0000000,0x00000000e0000000,0x00000000e9200000)
  from space 24576K, 52% used [0x00000000e9200000,0x00000000e9ea4e78,0x00000000eaa00000)
  to   space 23552K, 0% used [0x00000000ef380000,0x00000000ef380000,0x00000000f0a80000)
 ParOldGen       total 190976K, used 169438K [0x00000000a0000000, 0x00000000aba80000, 0x00000000e0000000)
  object space 190976K, 88% used [0x00000000a0000000,0x00000000aa577a00,0x00000000aba80000)
 Metaspace       used 43002K, capacity 43788K, committed 43992K, reserved 1087488K
  class space    used 5213K, capacity 5362K, committed 5376K, reserved 1048576K
Event: 9,640 GC heap after
Heap after GC invocations=14 (full 3):
 PSYoungGen      total 174080K, used 0K [0x00000000e0000000, 0x00000000f0a80000, 0x0000000100000000)
  eden space 149504K, 0% used [0x00000000e0000000,0x00000000e0000000,0x00000000e9200000)
  from space 24576K, 0% used [0x00000000e9200000,0x00000000e9200000,0x00000000eaa00000)
  to   space 23552K, 0% used [0x00000000ef380000,0x00000000ef380000,0x00000000f0a80000)
 ParOldGen       total 155648K, used 44282K [0x00000000a0000000, 0x00000000a9800000, 0x00000000e0000000)
  object space 155648K, 28% used [0x00000000a0000000,0x00000000a2b3ebf0,0x00000000a9800000)
 Metaspace       used 43002K, capacity 43788K, committed 43992K, reserved 1087488K
  class space    used 5213K, capacity 5362K, committed 5376K, reserved 1048576K
}
Event: 36,180 GC heap before
{Heap before GC invocations=15 (full 3):
 PSYoungGen      total 174080K, used 149504K [0x00000000e0000000, 0x00000000f0a80000, 0x0000000100000000)
  eden space 149504K, 100% used [0x00000000e0000000,0x00000000e9200000,0x00000000e9200000)
  from space 24576K, 0% used [0x00000000e9200000,0x00000000e9200000,0x00000000eaa00000)
  to   space 23552K, 0% used [0x00000000ef380000,0x00000000ef380000,0x00000000f0a80000)
 ParOldGen       total 155648K, used 44282K [0x00000000a0000000, 0x00000000a9800000, 0x00000000e0000000)
  object space 155648K, 28% used [0x00000000a0000000,0x00000000a2b3ebf0,0x00000000a9800000)
 Metaspace       used 44666K, capacity 45610K, committed 45784K, reserved 1089536K
  class space    used 5344K, capacity 5555K, committed 5632K, reserved 1048576K
Event: 36,252 GC heap after
Heap after GC invocations=15 (full 3):
 PSYoungGen      total 234496K, used 23535K [0x00000000e0000000, 0x00000000f0a80000, 0x0000000100000000)
  eden space 210944K, 0% used [0x00000000e0000000,0x00000000e0000000,0x00000000ece00000)
  from space 23552K, 99% used [0x00000000ef380000,0x00000000f0a7be60,0x00000000f0a80000)
  to   space 29184K, 0% used [0x00000000ed180000,0x00000000ed180000,0x00000000eee00000)
 ParOldGen       total 155648K, used 52512K [0x00000000a0000000, 0x00000000a9800000, 0x00000000e0000000)
  object space 155648K, 33% used [0x00000000a0000000,0x00000000a33481e8,0x00000000a9800000)
 Metaspace       used 44666K, capacity 45610K, committed 45784K, reserved 1089536K
  class space    used 5344K, capacity 5555K, committed 5632K, reserved 1048576K
}
Event: 389,037 GC heap before
{Heap before GC invocations=16 (full 3):
 PSYoungGen      total 234496K, used 234479K [0x00000000e0000000, 0x00000000f0a80000, 0x0000000100000000)
  eden space 210944K, 100% used [0x00000000e0000000,0x00000000ece00000,0x00000000ece00000)
  from space 23552K, 99% used [0x00000000ef380000,0x00000000f0a7be60,0x00000000f0a80000)
  to   space 29184K, 0% used [0x00000000ed180000,0x00000000ed180000,0x00000000eee00000)
 ParOldGen       total 155648K, used 52512K [0x00000000a0000000, 0x00000000a9800000, 0x00000000e0000000)
  object space 155648K, 33% used [0x00000000a0000000,0x00000000a33481e8,0x00000000a9800000)
 Metaspace       used 52466K, capacity 53640K, committed 53848K, reserved 1097728K
  class space    used 6013K, capacity 6264K, committed 6272K, reserved 1048576K
Event: 389,169 GC heap after
Heap after GC invocations=16 (full 3):
 PSYoungGen      total 243712K, used 23896K [0x00000000e0000000, 0x00000000f5780000, 0x0000000100000000)
  eden space 214528K, 0% used [0x00000000e0000000,0x00000000e0000000,0x00000000ed180000)
  from space 29184K, 81% used [0x00000000ed180000,0x00000000ee8d6130,0x00000000eee00000)
  to   space 31232K, 0% used [0x00000000f3900000,0x00000000f3900000,0x00000000f5780000)
 ParOldGen       total 155648K, used 75637K [0x00000000a0000000, 0x00000000a9800000, 0x00000000e0000000)
  object space 155648K, 48% used [0x00000000a0000000,0x00000000a49dd568,0x00000000a9800000)
 Metaspace       used 52466K, capacity 53640K, committed 53848K, reserved 1097728K
  class space    used 6013K, capacity 6264K, committed 6272K, reserved 1048576K
}
Event: 689,902 GC heap before
{Heap before GC invocations=17 (full 3):
 PSYoungGen      total 243712K, used 238424K [0x00000000e0000000, 0x00000000f5780000, 0x0000000100000000)
  eden space 214528K, 100% used [0x00000000e0000000,0x00000000ed180000,0x00000000ed180000)
  from space 29184K, 81% used [0x00000000ed180000,0x00000000ee8d6130,0x00000000eee00000)
  to   space 31232K, 0% used [0x00000000f3900000,0x00000000f3900000,0x00000000f5780000)
 ParOldGen       total 155648K, used 75637K [0x00000000a0000000, 0x00000000a9800000, 0x00000000e0000000)
  object space 155648K, 48% used [0x00000000a0000000,0x00000000a49dd568,0x00000000a9800000)
 Metaspace       used 53652K, capacity 55076K, committed 55384K, reserved 1097728K
  class space    used 6118K, capacity 6416K, committed 6528K, reserved 1048576K

Deoptimization events (10 events):
Event: 689,446 Thread 0x00007f9260004800 Uncommon trap: reason=class_check action=maybe_recompile pc=0x00007f92a2f585f0 method=org.jetbrains.kotlin.com.intellij.lang.impl.PsiBuilderAdapter.advanceLexer()V @ 4
Event: 689,446 Thread 0x00007f9260004800 Uncommon trap: reason=class_check action=maybe_recompile pc=0x00007f92a2f585f0 method=org.jetbrains.kotlin.com.intellij.lang.impl.PsiBuilderAdapter.advanceLexer()V @ 4
Event: 689,628 Thread 0x00007f9260004800 Uncommon trap: reason=class_check action=maybe_recompile pc=0x00007f92a2e95350 method=org.jetbrains.kotlin.parsing.KotlinParserDefinition.createElement(Lorg/jetbrains/kotlin/com/intellij/lang/ASTNode;)Lorg/jetbrains/kotlin/com/intellij/psi/PsiElement; @ 1
Event: 689,628 Thread 0x00007f9260004800 Uncommon trap: reason=class_check action=maybe_recompile pc=0x00007f92a2e95350 method=org.jetbrains.kotlin.parsing.KotlinParserDefinition.createElement(Lorg/jetbrains/kotlin/com/intellij/lang/ASTNode;)Lorg/jetbrains/kotlin/com/intellij/psi/PsiElement; @ 1
Event: 689,667 Thread 0x00007f9260004800 Uncommon trap: reason=class_check action=maybe_recompile pc=0x00007f92a2f5dedc method=org.jetbrains.kotlin.resolve.calls.tower.ScopeBasedTowerLevel.getObjects(Lorg/jetbrains/kotlin/name/Name;Lorg/jetbrains/kotlin/resolve/scopes/receivers/ReceiverValueWith
Event: 689,667 Thread 0x00007f9260004800 Uncommon trap: reason=class_check action=maybe_recompile pc=0x00007f92a2f5dedc method=org.jetbrains.kotlin.resolve.calls.tower.ScopeBasedTowerLevel.getObjects(Lorg/jetbrains/kotlin/name/Name;Lorg/jetbrains/kotlin/resolve/scopes/receivers/ReceiverValueWith
Event: 689,668 Thread 0x00007f9260004800 Uncommon trap: reason=class_check action=maybe_recompile pc=0x00007f92a2f5dedc method=org.jetbrains.kotlin.resolve.calls.tower.ScopeBasedTowerLevel.getObjects(Lorg/jetbrains/kotlin/name/Name;Lorg/jetbrains/kotlin/resolve/scopes/receivers/ReceiverValueWith
Event: 689,722 Thread 0x00007f9260004800 Uncommon trap: reason=class_check action=maybe_recompile pc=0x00007f92a2f5dedc method=org.jetbrains.kotlin.resolve.calls.tower.ScopeBasedTowerLevel.getObjects(Lorg/jetbrains/kotlin/name/Name;Lorg/jetbrains/kotlin/resolve/scopes/receivers/ReceiverValueWith
Event: 689,867 Thread 0x00007f9260004800 Uncommon trap: reason=range_check action=make_not_entrant pc=0x00007f92a2aa9164 method=java.lang.String.charAt(I)C @ 27
Event: 689,868 Thread 0x00007f9260004800 Uncommon trap: reason=range_check action=make_not_entrant pc=0x00007f92a2978714 method=java.lang.String.charAt(I)C @ 27

Classes redefined (0 events):
No events

Internal exceptions (10 events):
Event: 38,472 Thread 0x00007f9260001000 Exception <a 'sun/nio/fs/UnixException'> (0x00000000e7e2c7f0) thrown at [/ssd/Android/AOSP-openjdk-git/jdk8u/hotspot/src/share/vm/prims/jni.cpp, line 709]
Event: 38,473 Thread 0x00007f9260001000 Exception <a 'java/lang/reflect/InvocationTargetException'> (0x00000000e7e2d508) thrown at [/ssd/Android/AOSP-openjdk-git/jdk8u/hotspot/src/share/vm/runtime/reflection.cpp, line 1092]
Event: 38,476 Thread 0x00007f9260001000 Exception <a 'sun/nio/fs/UnixException'> (0x00000000e7e50fd8) thrown at [/ssd/Android/AOSP-openjdk-git/jdk8u/hotspot/src/share/vm/prims/jni.cpp, line 709]
Event: 38,476 Thread 0x00007f9260001000 Exception <a 'java/lang/reflect/InvocationTargetException'> (0x00000000e7e51920) thrown at [/ssd/Android/AOSP-openjdk-git/jdk8u/hotspot/src/share/vm/runtime/reflection.cpp, line 1092]
Event: 388,606 Thread 0x00007f9240a02000 Exception <a 'java/lang/InterruptedException'> (0x00000000e8910f20) thrown at [/ssd/Android/AOSP-openjdk-git/jdk8u/hotspot/src/share/vm/runtime/objectMonitor.cpp, line 1684]
Event: 388,613 Thread 0x00007f9260004800 Exception <a 'sun/nio/fs/UnixException'> (0x00000000e8a1f4c0) thrown at [/ssd/Android/AOSP-openjdk-git/jdk8u/hotspot/src/share/vm/prims/jni.cpp, line 709]
Event: 388,613 Thread 0x00007f9260004800 Exception <a 'java/lang/reflect/InvocationTargetException'> (0x00000000e8a1fe68) thrown at [/ssd/Android/AOSP-openjdk-git/jdk8u/hotspot/src/share/vm/runtime/reflection.cpp, line 1092]
Event: 388,886 Thread 0x00007f9260004800 Exception <a 'sun/nio/fs/UnixException'> (0x00000000eb79a478) thrown at [/ssd/Android/AOSP-openjdk-git/jdk8u/hotspot/src/share/vm/prims/jni.cpp, line 709]
Event: 389,545 Thread 0x00007f9260004800 Exception <a 'java/lang/NoSuchMethodError': <clinit>> (0x00000000e30cc038) thrown at [/ssd/Android/AOSP-openjdk-git/jdk8u/hotspot/src/share/vm/prims/jni.cpp, line 1613]
Event: 688,622 Thread 0x00007f9234001800 Exception <a 'java/lang/InterruptedException'> (0x00000000e388bfa8) thrown at [/ssd/Android/AOSP-openjdk-git/jdk8u/hotspot/src/share/vm/runtime/objectMonitor.cpp, line 1684]

Events (10 events):
Event: 689,874 Thread 0x00007f92b00be800 flushing nmethod 0x00007f92a12b0790
Event: 689,874 Thread 0x00007f92b00be800 flushing nmethod 0x00007f92a12b55d0
Event: 689,874 Thread 0x00007f92b00be800 flushing nmethod 0x00007f92a12b6bd0
Event: 689,874 Thread 0x00007f92b00be800 flushing nmethod 0x00007f92a12bb790
Event: 689,876 Thread 0x00007f9260004800 DEOPT PACKING pc=0x00007f92a2ca92d1 sp=0x00007f9246545ef0
Event: 689,876 Thread 0x00007f9260004800 DEOPT UNPACKING pc=0x00007f92a1047373 sp=0x00007f9246545d90 mode 0
Event: 689,878 Thread 0x00007f92b00be800 flushing nmethod 0x00007f92a1451b90
Event: 689,881 Thread 0x00007f92b00be800 flushing nmethod 0x00007f92a165ed10
Event: 689,881 Thread 0x00007f92b00be800 flushing nmethod 0x00007f92a1702fd0
Event: 689,902 Executing VM operation: ParallelGCFailedAllocation


Dynamic libraries:
00400000-00401000 r-xp 00000000 08:02 13631853                           /opt/android-studio-beta/jre/jre/bin/java
00600000-00601000 r--p 00000000 08:02 13631853                           /opt/android-studio-beta/jre/jre/bin/java
00601000-00602000 rw-p 00001000 08:02 13631853                           /opt/android-studio-beta/jre/jre/bin/java
0062c000-0064d000 rw-p 00000000 00:00 0                                  [heap]
a0000000-a9800000 rw-p 00000000 00:00 0 
a9800000-e0000000 ---p 00000000 00:00 0 
e0000000-f5780000 rw-p 00000000 00:00 0 
f5780000-100000000 ---p 00000000 00:00 0 
100000000-100660000 rw-p 00000000 00:00 0 
100660000-140000000 ---p 00000000 00:00 0 
7f922c000000-7f922c021000 rw-p 00000000 00:00 0 
7f922c021000-7f9230000000 ---p 00000000 00:00 0 
7f9234000000-7f92342c9000 rw-p 00000000 00:00 0 
7f92342c9000-7f9238000000 ---p 00000000 00:00 0 
7f9238000000-7f9238021000 rw-p 00000000 00:00 0 
7f9238021000-7f923c000000 ---p 00000000 00:00 0 
7f923c000000-7f923c021000 rw-p 00000000 00:00 0 
7f923c021000-7f9240000000 ---p 00000000 00:00 0 
7f9240000000-7f9240fd3000 rw-p 00000000 00:00 0 
7f9240fd3000-7f9244000000 ---p 00000000 00:00 0 
7f9246051000-7f9246054000 ---p 00000000 00:00 0 
7f9246054000-7f9246152000 rw-p 00000000 00:00 0 
7f9246152000-7f9246155000 ---p 00000000 00:00 0 
7f9246155000-7f9246413000 rw-p 00000000 00:00 0 
7f9246413000-7f9246453000 ---p 00000000 00:00 0 
7f9246453000-7f9246456000 ---p 00000000 00:00 0 
7f9246456000-7f9246754000 rw-p 00000000 00:00 0 
7f9246800000-7f9246a00000 rw-p 00000000 00:00 0 
7f9246a00000-7f9246c00000 rw-p 00000000 00:00 0 
7f9246c00000-7f9246e00000 rw-p 00000000 00:00 0 
7f9246e00000-7f9247000000 rw-p 00000000 00:00 0 
7f9247000000-7f9247200000 rw-p 00000000 00:00 0 
7f9247200000-7f9247400000 rw-p 00000000 00:00 0 
7f9247400000-7f92475f6000 rw-p 00000000 00:00 0 
7f92475f6000-7f9247600000 ---p 00000000 00:00 0 
7f9247600000-7f9247800000 rw-p 00000000 00:00 0 
7f9247800000-7f9247a00000 rw-p 00000000 00:00 0 
7f9247a00000-7f9247c00000 rw-p 00000000 00:00 0 
7f9247c00000-7f9247e00000 rw-p 00000000 00:00 0 
7f9247e00000-7f9248000000 rw-p 00000000 00:00 0 
7f9248000000-7f92486c0000 rw-p 00000000 00:00 0 
7f92486c0000-7f924c000000 ---p 00000000 00:00 0 
7f924c000000-7f924c021000 rw-p 00000000 00:00 0 
7f924c021000-7f9250000000 ---p 00000000 00:00 0 
7f9250000000-7f9250021000 rw-p 00000000 00:00 0 
7f9250021000-7f9254000000 ---p 00000000 00:00 0 
7f9254000000-7f9254021000 rw-p 00000000 00:00 0 
7f9254021000-7f9258000000 ---p 00000000 00:00 0 
7f9258000000-7f9258286000 rw-p 00000000 00:00 0 
7f9258286000-7f925c000000 ---p 00000000 00:00 0 
7f925c000000-7f925c025000 rw-p 00000000 00:00 0 
7f925c025000-7f9260000000 ---p 00000000 00:00 0 
7f9260000000-7f9260021000 rw-p 00000000 00:00 0 
7f9260021000-7f9264000000 ---p 00000000 00:00 0 
7f9264000000-7f9264003000 ---p 00000000 00:00 0 
7f9264003000-7f9264301000 rw-p 00000000 00:00 0 
7f9264301000-7f92643fd000 r--s 01842000 08:02 12591387                   /home/alex/Android/Sdk/platforms/android-26/android.jar
7f92643fd000-7f92645fd000 rw-p 00000000 00:00 0 
7f92645fd000-7f92647fd000 rw-p 00000000 00:00 0 
7f92647fd000-7f92649fd000 rw-p 00000000 00:00 0 
7f92649fd000-7f9264bfd000 rw-p 00000000 00:00 0 
7f9264bfd000-7f9264c00000 ---p 00000000 00:00 0 
7f9264c00000-7f9264cfe000 rw-p 00000000 00:00 0 
7f9264cfe000-7f9264d01000 ---p 00000000 00:00 0 
7f9264d01000-7f9264fff000 rw-p 00000000 00:00 0 
7f9264fff000-7f9268000000 rw-p 00000000 00:00 0 
7f9268000000-7f9268021000 rw-p 00000000 00:00 0 
7f9268021000-7f926c000000 ---p 00000000 00:00 0 
7f926c000000-7f926c021000 rw-p 00000000 00:00 0 
7f926c021000-7f9270000000 ---p 00000000 00:00 0 
7f9270000000-7f9271970000 rw-p 00000000 00:00 0 
7f9271970000-7f9274000000 ---p 00000000 00:00 0 
7f9274000000-7f9275586000 rw-p 00000000 00:00 0 
7f9275586000-7f9278000000 ---p 00000000 00:00 0 
7f9278000000-7f9279b6f000 rw-p 00000000 00:00 0 
7f9279b6f000-7f927c000000 ---p 00000000 00:00 0 
7f927c000000-7f927c021000 rw-p 00000000 00:00 0 
7f927c021000-7f9280000000 ---p 00000000 00:00 0 
7f9280000000-7f9280021000 rw-p 00000000 00:00 0 
7f9280021000-7f9284000000 ---p 00000000 00:00 0 
7f9284000000-7f9284021000 rw-p 00000000 00:00 0 
7f9284021000-7f9288000000 ---p 00000000 00:00 0 
7f9288000000-7f9288021000 rw-p 00000000 00:00 0 
7f9288021000-7f928c000000 ---p 00000000 00:00 0 
7f928c000000-7f928c0aa000 rw-p 00000000 00:00 0 
7f928c0aa000-7f9290000000 ---p 00000000 00:00 0 
7f9290000000-7f9290021000 rw-p 00000000 00:00 0 
7f9290021000-7f9294000000 ---p 00000000 00:00 0 
7f9294000000-7f9294296000 rw-p 00000000 00:00 0 
7f9294296000-7f9298000000 ---p 00000000 00:00 0 
7f9298004000-7f929800a000 r--s 0004c000 08:02 9964522                    /home/alex/.gradle/caches/transforms-1/files-1.1/design-26.0.0-alpha1.aar/0cca24b7909536e0fd0b6dfb30612bf3/jars/classes.jar
7f929800a000-7f929800e000 r--s 0003c000 08:02 10758344                   /home/alex/.gradle/caches/transforms-1/files-1.1/support-core-ui-26.0.0-alpha1.aar/d8841d7806b2af116c892c95646303ea/jars/classes.jar
7f929800e000-7f9298010000 r--s 00004000 08:02 14290742                   /home/alex/Android/Sdk/extras/android/m2repository/com/android/support/support-annotations/26.0.0-alpha1/support-annotations-26.0.0-alpha1.jar
7f9298010000-7f9298021000 r--s 00093000 08:02 10758353                   /home/alex/.gradle/caches/transforms-1/files-1.1/support-compat-26.0.0-alpha1.aar/773aa29ed8482946b255e15f47c58732/jars/classes.jar
7f9298021000-7f9298023000 r--s 00017000 08:02 10758339                   /home/alex/.gradle/caches/transforms-1/files-1.1/support-core-utils-26.0.0-alpha1.aar/762be2ff1e4487907ec1948280e3021c/jars/classes.jar
7f9298023000-7f9298035000 r--s 00132000 08:02 12206515                   /home/alex/.gradle/caches/modules-2/files-2.1/com.fasterxml.jackson.core/jackson-databind/2.9.0.pr4/e96baca7953374a502eb995d3901cad7580d3741/jackson-databind-2.9.0.pr4.jar
7f9298035000-7f9298067000 r--s 0022d000 08:02 12206424                   /home/alex/.gradle/caches/modules-2/files-2.1/org.jetbrains.kotlin/kotlin-reflect/1.1.2/b8cc2f486359a56c0c1b1dd125141c19d8db1734/kotlin-reflect-1.1.2.jar
7f9298067000-7f929806a000 ---p 00000000 00:00 0 
7f929806a000-7f9298168000 rw-p 00000000 00:00 0 
7f9298168000-7f929816b000 ---p 00000000 00:00 0 
7f929816b000-7f9298269000 rw-p 00000000 00:00 0 
7f9298269000-7f929826c000 ---p 00000000 00:00 0 
7f929826c000-7f929836a000 rw-p 00000000 00:00 0 
7f929836a000-7f929836d000 ---p 00000000 00:00 0 
7f929836d000-7f929846b000 rw-p 00000000 00:00 0 
7f929846b000-7f929846e000 ---p 00000000 00:00 0 
7f929846e000-7f929856c000 rw-p 00000000 00:00 0 
7f929856c000-7f929856f000 ---p 00000000 00:00 0 
7f929856f000-7f929866d000 rw-p 00000000 00:00 0 
7f929866d000-7f92986e6000 r--s 010fd000 08:02 13508195                   /opt/android-studio-beta/jre/lib/tools.jar
7f92986e6000-7f9298702000 r--s 00393000 08:02 13508251                   /opt/android-studio-beta/jre/jre/lib/ext/cldrdata.jar
7f9298702000-7f9298718000 r-xp 00000000 08:02 13631737                   /opt/android-studio-beta/jre/jre/lib/amd64/libnet.so
7f9298718000-7f9298918000 ---p 00016000 08:02 13631737                   /opt/android-studio-beta/jre/jre/lib/amd64/libnet.so
7f9298918000-7f9298919000 r--p 00016000 08:02 13631737                   /opt/android-studio-beta/jre/jre/lib/amd64/libnet.so
7f9298919000-7f929891a000 rw-p 00017000 08:02 13631737                   /opt/android-studio-beta/jre/jre/lib/amd64/libnet.so
7f929891a000-7f929892b000 r-xp 00000000 08:02 13631713                   /opt/android-studio-beta/jre/jre/lib/amd64/libnio.so
7f929892b000-7f9298b2a000 ---p 00011000 08:02 13631713                   /opt/android-studio-beta/jre/jre/lib/amd64/libnio.so
7f9298b2a000-7f9298b2b000 r--p 00010000 08:02 13631713                   /opt/android-studio-beta/jre/jre/lib/amd64/libnio.so
7f9298b2b000-7f9298b2c000 rw-p 00011000 08:02 13631713                   /opt/android-studio-beta/jre/jre/lib/amd64/libnio.so
7f9298b2c000-7f9298b35000 r-xp 00000000 08:02 13631786                   /opt/android-studio-beta/jre/jre/lib/amd64/libmanagement.so
7f9298b35000-7f9298d34000 ---p 00009000 08:02 13631786                   /opt/android-studio-beta/jre/jre/lib/amd64/libmanagement.so
7f9298d34000-7f9298d35000 r--p 00008000 08:02 13631786                   /opt/android-studio-beta/jre/jre/lib/amd64/libmanagement.so
7f9298d35000-7f9298d36000 rw-p 00009000 08:02 13631786                   /opt/android-studio-beta/jre/jre/lib/amd64/libmanagement.so
7f9298d36000-7f9298eff000 r--s 0188b000 08:02 12197389                   /home/alex/.gradle/caches/modules-2/files-2.1/org.jetbrains.kotlin/kotlin-compiler-embeddable/1.1.4/5b81ec568b63bf961cdf4197ec1118d30aa3f8d/kotlin-compiler-embeddable-1.1.4.jar
7f9298eff000-7f9298f00000 ---p 00000000 00:00 0 
7f9298f00000-7f929c000000 rw-p 00000000 00:00 0 
7f929c000000-7f929c023000 rw-p 00000000 00:00 0 
7f929c023000-7f92a0000000 ---p 00000000 00:00 0 
7f92a0000000-7f92a000b000 r--s 0009f000 08:02 9964526                    /home/alex/.gradle/caches/transforms-1/files-1.1/appcompat-v7-26.0.0-alpha1.aar/c3fd025bd14853e1f3673ad533d0f8e3/jars/classes.jar
7f92a000b000-7f92a001a000 r--s 000c9000 08:02 12197380                   /home/alex/.gradle/caches/modules-2/files-2.1/org.jetbrains.kotlin/kotlin-stdlib/1.1.4/1fb1d39f1081d1f60dd739e55c366839b935c9ec/kotlin-stdlib-1.1.4.jar
7f92a001a000-7f92a001d000 ---p 00000000 00:00 0 
7f92a001d000-7f92a011b000 rw-p 00000000 00:00 0 
7f92a011b000-7f92a011e000 ---p 00000000 00:00 0 
7f92a011e000-7f92a021c000 rw-p 00000000 00:00 0 
7f92a021c000-7f92a021f000 ---p 00000000 00:00 0 
7f92a021f000-7f92a031d000 rw-p 00000000 00:00 0 
7f92a031d000-7f92a0320000 ---p 00000000 00:00 0 
7f92a0320000-7f92a041e000 rw-p 00000000 00:00 0 
7f92a041e000-7f92a0421000 ---p 00000000 00:00 0 
7f92a0421000-7f92a051f000 rw-p 00000000 00:00 0 
7f92a051f000-7f92a07f8000 r--p 00000000 08:02 4199456                    /usr/lib/locale/locale-archive
7f92a07f8000-7f92a07fb000 ---p 00000000 00:00 0 
7f92a07fb000-7f92a08f9000 rw-p 00000000 00:00 0 
7f92a08f9000-7f92a08fc000 ---p 00000000 00:00 0 
7f92a08fc000-7f92a09fa000 rw-p 00000000 00:00 0 
7f92a09fa000-7f92a09fb000 ---p 00000000 00:00 0 
7f92a09fb000-7f92a1000000 rw-p 00000000 00:00 0 
7f92a1000000-7f92a30c0000 rwxp 00000000 00:00 0 
7f92a30c0000-7f92b0000000 ---p 00000000 00:00 0 
7f92b0000000-7f92b0470000 rw-p 00000000 00:00 0 
7f92b0470000-7f92b4000000 ---p 00000000 00:00 0 
7f92b4000000-7f92b4003000 r--s 00026000 08:02 10758334                   /home/alex/.gradle/caches/transforms-1/files-1.1/support-fragment-26.0.0-alpha1.aar/eca2bcb1e96bb07d80323775356af780/jars/classes.jar
7f92b4003000-7f92b4006000 r--s 00014000 08:02 12206828                   /home/alex/.gradle/caches/modules-2/files-2.1/com.squareup.retrofit2/retrofit/2.3.0/bcacde6a8ccedcc56c127403d26b76072fe6214d/retrofit-2.3.0.jar
7f92b4006000-7f92b400c000 r--s 0005c000 08:02 12199236                   /home/alex/.gradle/caches/modules-2/files-2.1/com.squareup.okhttp3/okhttp/3.8.1/4d060ca3190df0eda4dc13415532a12e15ca5f11/okhttp-3.8.1.jar
7f92b400c000-7f92b400e000 r--s 00009000 08:02 12206517                   /home/alex/.gradle/caches/modules-2/files-2.1/com.fasterxml.jackson.module/jackson-module-kotlin/2.9.0.pr4/ae40556517ed01452ca25413d2b5523226423bf9/jackson-module-kotlin-2.9.0.pr4.jar
7f92b400e000-7f92b4012000 r--s 0004a000 08:02 12206514                   /home/alex/.gradle/caches/modules-2/files-2.1/com.fasterxml.jackson.core/jackson-core/2.9.0.pr4/565544a9badb22e546e23bd07765e30fa2cb1065/jackson-core-2.9.0.pr4.jar
7f92b4012000-7f92b4014000 r--s 00003000 08:02 13507737                   /opt/android-studio-beta/gradle/m2repository/org/jetbrains/annotations/13.0/annotations-13.0.jar
7f92b4014000-7f92b4017000 r--s 0000e000 08:02 12206513                   /home/alex/.gradle/caches/modules-2/files-2.1/com.fasterxml.jackson.core/jackson-annotations/2.9.0.pr4/66cdc0083e48897453c4b4f69860315c0e6618b/jackson-annotations-2.9.0.pr4.jar
7f92b4017000-7f92b4018000 r--s 00001000 08:02 12199239                   /home/alex/.gradle/caches/modules-2/files-2.1/com.squareup.retrofit2/converter-jackson/2.3.0/121335a74bc432ab7a3caa5a84548fc9b5915a54/converter-jackson-2.3.0.jar
7f92b4018000-7f92b4019000 r--s 00000000 08:02 12197400                   /home/alex/.gradle/caches/modules-2/files-2.1/org.jetbrains.kotlin/kotlin-stdlib-jre7/1.1.4/9cd7515c511a546ec30c0118edc19a9534847378/kotlin-stdlib-jre7-1.1.4.jar
7f92b4019000-7f92b4b33000 rw-p 00000000 00:00 0 
7f92b4b33000-7f92b4d03000 r--s 03c46000 08:02 13508299                   /opt/android-studio-beta/jre/jre/lib/rt.jar
7f92b4d03000-7f92b5879000 rw-p 00000000 00:00 0 
7f92b5879000-7f92b587a000 ---p 00000000 00:00 0 
7f92b587a000-7f92b597a000 rw-p 00000000 00:00 0 
7f92b597a000-7f92b597b000 ---p 00000000 00:00 0 
7f92b597b000-7f92b5a7b000 rw-p 00000000 00:00 0 
7f92b5a7b000-7f92b5a7c000 ---p 00000000 00:00 0 
7f92b5a7c000-7f92b5b7c000 rw-p 00000000 00:00 0 
7f92b5b7c000-7f92b5b7d000 ---p 00000000 00:00 0 
7f92b5b7d000-7f92b5cc9000 rw-p 00000000 00:00 0 
7f92b5cc9000-7f92b5e7d000 ---p 00000000 00:00 0 
7f92b5e7d000-7f92b5ec9000 rw-p 00000000 00:00 0 
7f92b5ec9000-7f92b607d000 ---p 00000000 00:00 0 
7f92b607d000-7f92b6129000 rw-p 00000000 00:00 0 
7f92b6129000-7f92b617d000 ---p 00000000 00:00 0 
7f92b617d000-7f92b6201000 rw-p 00000000 00:00 0 
7f92b6201000-7f92b653e000 ---p 00000000 00:00 0 
7f92b653e000-7f92b6558000 r-xp 00000000 08:02 13631769                   /opt/android-studio-beta/jre/jre/lib/amd64/libzip.so
7f92b6558000-7f92b6758000 ---p 0001a000 08:02 13631769                   /opt/android-studio-beta/jre/jre/lib/amd64/libzip.so
7f92b6758000-7f92b6759000 r--p 0001a000 08:02 13631769                   /opt/android-studio-beta/jre/jre/lib/amd64/libzip.so
7f92b6759000-7f92b675a000 rw-p 0001b000 08:02 13631769                   /opt/android-studio-beta/jre/jre/lib/amd64/libzip.so
7f92b675a000-7f92b6765000 r-xp 00000000 08:02 9179567                    /lib/x86_64-linux-gnu/libnss_files-2.23.so
7f92b6765000-7f92b6964000 ---p 0000b000 08:02 9179567                    /lib/x86_64-linux-gnu/libnss_files-2.23.so
7f92b6964000-7f92b6965000 r--p 0000a000 08:02 9179567                    /lib/x86_64-linux-gnu/libnss_files-2.23.so
7f92b6965000-7f92b6966000 rw-p 0000b000 08:02 9179567                    /lib/x86_64-linux-gnu/libnss_files-2.23.so
7f92b6966000-7f92b696c000 rw-p 00000000 00:00 0 
7f92b696c000-7f92b6977000 r-xp 00000000 08:02 9179594                    /lib/x86_64-linux-gnu/libnss_nis-2.23.so
7f92b6977000-7f92b6b76000 ---p 0000b000 08:02 9179594                    /lib/x86_64-linux-gnu/libnss_nis-2.23.so
7f92b6b76000-7f92b6b77000 r--p 0000a000 08:02 9179594                    /lib/x86_64-linux-gnu/libnss_nis-2.23.so
7f92b6b77000-7f92b6b78000 rw-p 0000b000 08:02 9179594                    /lib/x86_64-linux-gnu/libnss_nis-2.23.so
7f92b6b78000-7f92b6b8e000 r-xp 00000000 08:02 9179561                    /lib/x86_64-linux-gnu/libnsl-2.23.so
7f92b6b8e000-7f92b6d8d000 ---p 00016000 08:02 9179561                    /lib/x86_64-linux-gnu/libnsl-2.23.so
7f92b6d8d000-7f92b6d8e000 r--p 00015000 08:02 9179561                    /lib/x86_64-linux-gnu/libnsl-2.23.so
7f92b6d8e000-7f92b6d8f000 rw-p 00016000 08:02 9179561                    /lib/x86_64-linux-gnu/libnsl-2.23.so
7f92b6d8f000-7f92b6d91000 rw-p 00000000 00:00 0 
7f92b6d91000-7f92b6d99000 r-xp 00000000 08:02 9179652                    /lib/x86_64-linux-gnu/libnss_compat-2.23.so
7f92b6d99000-7f92b6f98000 ---p 00008000 08:02 9179652                    /lib/x86_64-linux-gnu/libnss_compat-2.23.so
7f92b6f98000-7f92b6f99000 r--p 00007000 08:02 9179652                    /lib/x86_64-linux-gnu/libnss_compat-2.23.so
7f92b6f99000-7f92b6f9a000 rw-p 00008000 08:02 9179652                    /lib/x86_64-linux-gnu/libnss_compat-2.23.so
7f92b6f9a000-7f92b6fc7000 r-xp 00000000 08:02 13631785                   /opt/android-studio-beta/jre/jre/lib/amd64/libjava.so
7f92b6fc7000-7f92b71c6000 ---p 0002d000 08:02 13631785                   /opt/android-studio-beta/jre/jre/lib/amd64/libjava.so
7f92b71c6000-7f92b71c7000 r--p 0002c000 08:02 13631785                   /opt/android-studio-beta/jre/jre/lib/amd64/libjava.so
7f92b71c7000-7f92b71c9000 rw-p 0002d000 08:02 13631785                   /opt/android-studio-beta/jre/jre/lib/amd64/libjava.so
7f92b71c9000-7f92b71d9000 r-xp 00000000 08:02 13631792                   /opt/android-studio-beta/jre/jre/lib/amd64/libverify.so
7f92b71d9000-7f92b73d8000 ---p 00010000 08:02 13631792                   /opt/android-studio-beta/jre/jre/lib/amd64/libverify.so
7f92b73d8000-7f92b73da000 r--p 0000f000 08:02 13631792                   /opt/android-studio-beta/jre/jre/lib/amd64/libverify.so
7f92b73da000-7f92b73db000 rw-p 00011000 08:02 13631792                   /opt/android-studio-beta/jre/jre/lib/amd64/libverify.so
7f92b73db000-7f92b73e2000 r-xp 00000000 08:02 9179607                    /lib/x86_64-linux-gnu/librt-2.23.so
7f92b73e2000-7f92b75e1000 ---p 00007000 08:02 9179607                    /lib/x86_64-linux-gnu/librt-2.23.so
7f92b75e1000-7f92b75e2000 r--p 00006000 08:02 9179607                    /lib/x86_64-linux-gnu/librt-2.23.so
7f92b75e2000-7f92b75e3000 rw-p 00007000 08:02 9179607                    /lib/x86_64-linux-gnu/librt-2.23.so
7f92b75e3000-7f92b76eb000 r-xp 00000000 08:02 9179681                    /lib/x86_64-linux-gnu/libm-2.23.so
7f92b76eb000-7f92b78ea000 ---p 00108000 08:02 9179681                    /lib/x86_64-linux-gnu/libm-2.23.so
7f92b78ea000-7f92b78eb000 r--p 00107000 08:02 9179681                    /lib/x86_64-linux-gnu/libm-2.23.so
7f92b78eb000-7f92b78ec000 rw-p 00108000 08:02 9179681                    /lib/x86_64-linux-gnu/libm-2.23.so
7f92b78ec000-7f92b84e4000 r-xp 00000000 08:02 13631789                   /opt/android-studio-beta/jre/jre/lib/amd64/server/libjvm.so
7f92b84e4000-7f92b86e4000 ---p 00bf8000 08:02 13631789                   /opt/android-studio-beta/jre/jre/lib/amd64/server/libjvm.so
7f92b86e4000-7f92b8783000 r--p 00bf8000 08:02 13631789                   /opt/android-studio-beta/jre/jre/lib/amd64/server/libjvm.so
7f92b8783000-7f92b87ac000 rw-p 00c97000 08:02 13631789                   /opt/android-studio-beta/jre/jre/lib/amd64/server/libjvm.so
7f92b87ac000-7f92b87f0000 rw-p 00000000 00:00 0 
7f92b87f0000-7f92b8808000 r-xp 00000000 08:02 9179593                    /lib/x86_64-linux-gnu/libpthread-2.23.so
7f92b8808000-7f92b8a07000 ---p 00018000 08:02 9179593                    /lib/x86_64-linux-gnu/libpthread-2.23.so
7f92b8a07000-7f92b8a08000 r--p 00017000 08:02 9179593                    /lib/x86_64-linux-gnu/libpthread-2.23.so
7f92b8a08000-7f92b8a09000 rw-p 00018000 08:02 9179593                    /lib/x86_64-linux-gnu/libpthread-2.23.so
7f92b8a09000-7f92b8a0d000 rw-p 00000000 00:00 0 
7f92b8a0d000-7f92b8a10000 r-xp 00000000 08:02 9179633                    /lib/x86_64-linux-gnu/libdl-2.23.so
7f92b8a10000-7f92b8c0f000 ---p 00003000 08:02 9179633                    /lib/x86_64-linux-gnu/libdl-2.23.so
7f92b8c0f000-7f92b8c10000 r--p 00002000 08:02 9179633                    /lib/x86_64-linux-gnu/libdl-2.23.so
7f92b8c10000-7f92b8c11000 rw-p 00003000 08:02 9179633                    /lib/x86_64-linux-gnu/libdl-2.23.so
7f92b8c11000-7f92b8dd1000 r-xp 00000000 08:02 9179689                    /lib/x86_64-linux-gnu/libc-2.23.so
7f92b8dd1000-7f92b8fd1000 ---p 001c0000 08:02 9179689                    /lib/x86_64-linux-gnu/libc-2.23.so
7f92b8fd1000-7f92b8fd5000 r--p 001c0000 08:02 9179689                    /lib/x86_64-linux-gnu/libc-2.23.so
7f92b8fd5000-7f92b8fd7000 rw-p 001c4000 08:02 9179689                    /lib/x86_64-linux-gnu/libc-2.23.so
7f92b8fd7000-7f92b8fdb000 rw-p 00000000 00:00 0 
7f92b8fdb000-7f92b8ff1000 r-xp 00000000 08:02 13631794                   /opt/android-studio-beta/jre/jre/lib/amd64/jli/libjli.so
7f92b8ff1000-7f92b91f0000 ---p 00016000 08:02 13631794                   /opt/android-studio-beta/jre/jre/lib/amd64/jli/libjli.so
7f92b91f0000-7f92b91f1000 r--p 00015000 08:02 13631794                   /opt/android-studio-beta/jre/jre/lib/amd64/jli/libjli.so
7f92b91f1000-7f92b91f2000 rw-p 00016000 08:02 13631794                   /opt/android-studio-beta/jre/jre/lib/amd64/jli/libjli.so
7f92b91f2000-7f92b9218000 r-xp 00000000 08:02 9179562                    /lib/x86_64-linux-gnu/ld-2.23.so
7f92b9218000-7f92b921a000 r--s 00016000 08:02 263792                     /home/alex/Android/Sdk/extras/m2repository/com/android/support/constraint/constraint-layout-solver/1.0.2/constraint-layout-solver-1.0.2.jar
7f92b921a000-7f92b921c000 r--s 00001000 08:02 12199452                   /home/alex/.gradle/caches/modules-2/files-2.1/com.squareup.okhttp3/logging-interceptor/3.8.1/feab46062803513d6a8307c74b0084265855de1a/logging-interceptor-3.8.1.jar
7f92b921c000-7f92b922e000 r--s 00345000 08:02 13508302                   /opt/android-studio-beta/jre/jre/lib/resources.jar
7f92b922e000-7f92b92f0000 rw-p 00000000 00:00 0 
7f92b92f0000-7f92b92f3000 ---p 00000000 00:00 0 
7f92b92f3000-7f92b93f5000 rw-p 00000000 00:00 0 
7f92b93f5000-7f92b93f6000 r--s 00013000 08:02 12197446                   /home/alex/.gradle/caches/modules-2/files-2.1/com.squareup.okio/okio/1.13.0/a9283170b7305c8d92d25aff02a6ab7e45d06cbe/okio-1.13.0.jar
7f92b93f6000-7f92b93fc000 r--s 00041000 08:02 12197381                   /home/alex/.gradle/caches/modules-2/files-2.1/org.jetbrains.kotlin/kotlin-android-extensions/1.1.4/7ecb7a58eb40cd2e09d0b9f98966d25e4581952f/kotlin-android-extensions-1.1.4.jar
7f92b93fc000-7f92b9401000 r--s 0009a000 08:02 13508301                   /opt/android-studio-beta/jre/jre/lib/jsse.jar
7f92b9401000-7f92b940b000 r--s 00116000 08:02 13508206                   /opt/android-studio-beta/jre/jre/lib/ext/localedata.jar
7f92b940b000-7f92b9413000 rw-s 00000000 08:02 12590609                   /tmp/hsperfdata_alex/6227
7f92b9413000-7f92b9414000 rw-p 00000000 00:00 0 
7f92b9414000-7f92b9415000 ---p 00000000 00:00 0 
7f92b9415000-7f92b9417000 rw-p 00000000 00:00 0 
7f92b9417000-7f92b9418000 r--p 00025000 08:02 9179562                    /lib/x86_64-linux-gnu/ld-2.23.so
7f92b9418000-7f92b9419000 rw-p 00026000 08:02 9179562                    /lib/x86_64-linux-gnu/ld-2.23.so
7f92b9419000-7f92b941a000 rw-p 00000000 00:00 0 
7ffe020e2000-7ffe02103000 rw-p 00000000 00:00 0                          [stack]
7ffe02178000-7ffe0217a000 r--p 00000000 00:00 0                          [vvar]
7ffe0217a000-7ffe0217c000 r-xp 00000000 00:00 0                          [vdso]
ffffffffff600000-ffffffffff601000 r-xp 00000000 00:00 0                  [vsyscall]

VM Arguments:
jvm_args: -Djava.awt.headless=true -Djava.rmi.server.hostname=localhost -Xmx1536m -Dkotlin.environment.keepalive 
java_command: org.jetbrains.kotlin.daemon.KotlinCompileDaemon --daemon-runFilesPath /home/alex/.local/share/kotlin/daemon --daemon-autoshutdownIdleSeconds=7200 --daemon-compilerClasspath /home/alex/.gradle/caches/modules-2/files-2.1/org.jetbrains.kotlin/kotlin-compiler-embeddable/1.1.4/5b81ec568b63bf961cdf4197ec1118d30aa3f8d/kotlin-compiler-embeddable-1.1.4.jar:/opt/android-studio-beta/jre/lib/tools.jar
java_class_path (initial): /home/alex/.gradle/caches/modules-2/files-2.1/org.jetbrains.kotlin/kotlin-compiler-embeddable/1.1.4/5b81ec568b63bf961cdf4197ec1118d30aa3f8d/kotlin-compiler-embeddable-1.1.4.jar:/opt/android-studio-beta/jre/lib/tools.jar
Launcher Type: SUN_STANDARD

Environment Variables:
JAVA_HOME=/usr/lib/jvm/java-8-oracle
PATH=/home/alex/bin:/home/alex/.local/bin:/usr/local/sbin:/usr/local/bin:/usr/sbin:/usr/bin:/sbin:/bin:/usr/games:/usr/local/games:/snap/bin:/usr/lib/jvm/java-8-oracle/bin:/usr/lib/jvm/java-8-oracle/db/bin:/usr/lib/jvm/java-8-oracle/jre/bin
LD_LIBRARY_PATH=/opt/android-studio-beta/bin:
SHELL=/usr/bin/zsh
DISPLAY=:0

Signal Handlers:
SIGSEGV: [libjvm.so+0x9ebc60], sa_mask[0]=11111111011111111101111111111110, sa_flags=SA_RESTART|SA_SIGINFO
SIGBUS: [libjvm.so+0x9ebc60], sa_mask[0]=11111111011111111101111111111110, sa_flags=SA_RESTART|SA_SIGINFO
SIGFPE: [libjvm.so+0x84cf60], sa_mask[0]=11111111011111111101111111111110, sa_flags=SA_RESTART|SA_SIGINFO
SIGPIPE: [libjvm.so+0x84cf60], sa_mask[0]=11111111011111111101111111111110, sa_flags=SA_RESTART|SA_SIGINFO
SIGXFSZ: [libjvm.so+0x84cf60], sa_mask[0]=11111111011111111101111111111110, sa_flags=SA_RESTART|SA_SIGINFO
SIGILL: [libjvm.so+0x84cf60], sa_mask[0]=11111111011111111101111111111110, sa_flags=SA_RESTART|SA_SIGINFO
SIGUSR1: SIG_DFL, sa_mask[0]=00000000000000000000000000000000, sa_flags=none
SIGUSR2: [libjvm.so+0x84ce30], sa_mask[0]=00100000000000000000000000000000, sa_flags=SA_RESTART|SA_SIGINFO
SIGHUP: [libjvm.so+0x84d020], sa_mask[0]=11111111011111111101111111111110, sa_flags=SA_RESTART|SA_SIGINFO
SIGINT: [libjvm.so+0x84d020], sa_mask[0]=11111111011111111101111111111110, sa_flags=SA_RESTART|SA_SIGINFO
SIGTERM: [libjvm.so+0x84d020], sa_mask[0]=11111111011111111101111111111110, sa_flags=SA_RESTART|SA_SIGINFO
SIGQUIT: [libjvm.so+0x84d020], sa_mask[0]=11111111011111111101111111111110, sa_flags=SA_RESTART|SA_SIGINFO


---------------  S Y S T E M  ---------------

OS:DISTRIB_ID=Ubuntu
DISTRIB_RELEASE=16.04
DISTRIB_CODENAME=xenial
DISTRIB_DESCRIPTION="Ubuntu 16.04.3 LTS"

uname:Linux 4.10.0-32-generic #36~16.04.1-Ubuntu SMP Wed Aug 9 09:19:02 UTC 2017 x86_64
libc:glibc 2.23 NPTL 2.23 
rlimit: STACK 8192k, CORE 0k, NPROC 30814, NOFILE 1048576, AS infinity
load average:1,94 1,91 1,54

/proc/meminfo:
MemTotal:        8069020 kB
MemFree:          123912 kB
MemAvailable:     234188 kB
Buffers:           54824 kB
Cached:           278172 kB
SwapCached:       139388 kB
Active:          6379644 kB
Inactive:        1031652 kB
Active(anon):    6185652 kB
Inactive(anon):   921240 kB
Active(file):     193992 kB
Inactive(file):   110412 kB
Unevictable:         280 kB
Mlocked:             280 kB
SwapTotal:       8284156 kB
SwapFree:        6702688 kB
Dirty:             18660 kB
Writeback:           512 kB
AnonPages:       7069992 kB
Mapped:           374348 kB
Shmem:             28616 kB
Slab:             150092 kB
SReclaimable:      62704 kB
SUnreclaim:        87388 kB
KernelStack:       16992 kB
PageTables:        69808 kB
NFS_Unstable:          0 kB
Bounce:                0 kB
WritebackTmp:          0 kB
CommitLimit:    12318664 kB
Committed_AS:   16135468 kB
VmallocTotal:   34359738367 kB
VmallocUsed:           0 kB
VmallocChunk:          0 kB
HardwareCorrupted:     0 kB
AnonHugePages:   1193984 kB
ShmemHugePages:        0 kB
ShmemPmdMapped:        0 kB
CmaTotal:              0 kB
CmaFree:               0 kB
HugePages_Total:       0
HugePages_Free:        0
HugePages_Rsvd:        0
HugePages_Surp:        0
Hugepagesize:       2048 kB
DirectMap4k:      691060 kB
DirectMap2M:     7593984 kB
DirectMap1G:           0 kB


CPU:total 4 (initial active 4) (2 cores per cpu, 2 threads per core) family 6 model 142 stepping 9, cmov, cx8, fxsr, mmx, sse, sse2, sse3, ssse3, sse4.1, sse4.2, popcnt, avx, avx2, aes, clmul, erms, 3dnowpref, lzcnt, ht, tsc, tscinvbit, bmi1, bmi2, adx

/proc/cpuinfo:
processor	: 0
vendor_id	: GenuineIntel
cpu family	: 6
model		: 142
model name	: Intel(R) Core(TM) i5-7200U CPU @ 2.50GHz
stepping	: 9
microcode	: 0x4e
cpu MHz		: 3099.957
cache size	: 3072 KB
physical id	: 0
siblings	: 4
core id		: 0
cpu cores	: 2
apicid		: 0
initial apicid	: 0
fpu		: yes
fpu_exception	: yes
cpuid level	: 22
wp		: yes
flags		: fpu vme de pse tsc msr pae mce cx8 apic sep mtrr pge mca cmov pat pse36 clflush dts acpi mmx fxsr sse sse2 ss ht tm pbe syscall nx pdpe1gb rdtscp lm constant_tsc art arch_perfmon pebs bts rep_good nopl xtopology nonstop_tsc aperfmperf tsc_known_freq pni pclmulqdq dtes64 monitor ds_cpl vmx est tm2 ssse3 sdbg fma cx16 xtpr pdcm pcid sse4_1 sse4_2 x2apic movbe popcnt tsc_deadline_timer aes xsave avx f16c rdrand lahf_lm abm 3dnowprefetch epb intel_pt tpr_shadow vnmi flexpriority ept vpid fsgsbase tsc_adjust bmi1 avx2 smep bmi2 erms invpcid mpx rdseed adx smap clflushopt xsaveopt xsavec xgetbv1 xsaves dtherm ida arat pln pts hwp hwp_notify hwp_act_window hwp_epp
bugs		:
bogomips	: 5424.00
clflush size	: 64
cache_alignment	: 64
address sizes	: 39 bits physical, 48 bits virtual
power management:

processor	: 1
vendor_id	: GenuineIntel
cpu family	: 6
model		: 142
model name	: Intel(R) Core(TM) i5-7200U CPU @ 2.50GHz
stepping	: 9
microcode	: 0x4e
cpu MHz		: 3099.957
cache size	: 3072 KB
physical id	: 0
siblings	: 4
core id		: 1
cpu cores	: 2
apicid		: 2
initial apicid	: 2
fpu		: yes
fpu_exception	: yes
cpuid level	: 22
wp		: yes
flags		: fpu vme de pse tsc msr pae mce cx8 apic sep mtrr pge mca cmov pat pse36 clflush dts acpi mmx fxsr sse sse2 ss ht tm pbe syscall nx pdpe1gb rdtscp lm constant_tsc art arch_perfmon pebs bts rep_good nopl xtopology nonstop_tsc aperfmperf tsc_known_freq pni pclmulqdq dtes64 monitor ds_cpl vmx est tm2 ssse3 sdbg fma cx16 xtpr pdcm pcid sse4_1 sse4_2 x2apic movbe popcnt tsc_deadline_timer aes xsave avx f16c rdrand lahf_lm abm 3dnowprefetch epb intel_pt tpr_shadow vnmi flexpriority ept vpid fsgsbase tsc_adjust bmi1 avx2 smep bmi2 erms invpcid mpx rdseed adx smap clflushopt xsaveopt xsavec xgetbv1 xsaves dtherm ida arat pln pts hwp hwp_notify hwp_act_window hwp_epp
bugs		:
bogomips	: 5424.00
clflush size	: 64
cache_alignment	: 64
address sizes	: 39 bits physical, 48 bits virtual
power management:

processor	: 2
vendor_id	: GenuineIntel
cpu family	: 6
model		: 142
model name	: Intel(R) Core(TM) i5-7200U CPU @ 2.50GHz
stepping	: 9
microcode	: 0x4e
cpu MHz		: 3099.957
cache size	: 3072 KB
physical id	: 0
siblings	: 4
core id		: 0
cpu cores	: 2
apicid		: 1
initial apicid	: 1
fpu		: yes
fpu_exception	: yes
cpuid level	: 22
wp		: yes
flags		: fpu vme de pse tsc msr pae mce cx8 apic sep mtrr pge mca cmov pat pse36 clflush dts acpi mmx fxsr sse sse2 ss ht tm pbe syscall nx pdpe1gb rdtscp lm constant_tsc art arch_perfmon pebs bts rep_good nopl xtopology nonstop_tsc aperfmperf tsc_known_freq pni pclmulqdq dtes64 monitor ds_cpl vmx est tm2 ssse3 sdbg fma cx16 xtpr pdcm pcid sse4_1 sse4_2 x2apic movbe popcnt tsc_deadline_timer aes xsave avx f16c rdrand lahf_lm abm 3dnowprefetch epb intel_pt tpr_shadow vnmi flexpriority ept vpid fsgsbase tsc_adjust bmi1 avx2 smep bmi2 erms invpcid mpx rdseed adx smap clflushopt xsaveopt xsavec xgetbv1 xsaves dtherm ida arat pln pts hwp hwp_notify hwp_act_window hwp_epp
bugs		:
bogomips	: 5424.00
clflush size	: 64
cache_alignment	: 64
address sizes	: 39 bits physical, 48 bits virtual
power management:

processor	: 3
vendor_id	: GenuineIntel
cpu family	: 6
model		: 142
model name	: Intel(R) Core(TM) i5-7200U CPU @ 2.50GHz
stepping	: 9
microcode	: 0x4e
cpu MHz		: 3099.957
cache size	: 3072 KB
physical id	: 0
siblings	: 4
core id		: 1
cpu cores	: 2
apicid		: 3
initial apicid	: 3
fpu		: yes
fpu_exception	: yes
cpuid level	: 22
wp		: yes
flags		: fpu vme de pse tsc msr pae mce cx8 apic sep mtrr pge mca cmov pat pse36 clflush dts acpi mmx fxsr sse sse2 ss ht tm pbe syscall nx pdpe1gb rdtscp lm constant_tsc art arch_perfmon pebs bts rep_good nopl xtopology nonstop_tsc aperfmperf tsc_known_freq pni pclmulqdq dtes64 monitor ds_cpl vmx est tm2 ssse3 sdbg fma cx16 xtpr pdcm pcid sse4_1 sse4_2 x2apic movbe popcnt tsc_deadline_timer aes xsave avx f16c rdrand lahf_lm abm 3dnowprefetch epb intel_pt tpr_shadow vnmi flexpriority ept vpid fsgsbase tsc_adjust bmi1 avx2 smep bmi2 erms invpcid mpx rdseed adx smap clflushopt xsaveopt xsavec xgetbv1 xsaves dtherm ida arat pln pts hwp hwp_notify hwp_act_window hwp_epp
bugs		:
bogomips	: 5424.00
clflush size	: 64
cache_alignment	: 64
address sizes	: 39 bits physical, 48 bits virtual
power management:



Memory: 4k page, physical 8069020k(123416k free), swap 8284156k(6701876k free)

vm_info: OpenJDK 64-Bit Server VM (25.152-b01) for linux-amd64 JRE (1.8.0_152-release-915-b01), built by "builder" with gcc 4.8.4

time: Sat Aug 19 09:30:41 2017
elapsed time: 689 seconds (0d 0h 11m 29s)

